UG to IGES
! INFO-     NX V10.0 / IGES Specification 5.3
! INFO-      
! INFO-     Start of Translation: 20-JAN-2018  7:11:15 PM
! INFO-      
! STATUS-   Converting Part: F:\RAIDS\Cad Model\retractableArm1.prt
! SUMMARY-   
! SUMMARY-  Summary of Unigraphics Input Entities
! SUMMARY-  For Part: F:\RAIDS\Cad Model\retractableArm1.prt 
! SUMMARY-  Entities Processed             Count
! SUMMARY-  ------------------             -----
! SUMMARY-  Point .......................:    16
! SUMMARY-  Line ........................:   270
! SUMMARY-  Arc/Circle ..................:   142
! SUMMARY-  B-Curve .....................:   379
! SUMMARY-  Part Attribute ..............:     1
! SUMMARY-  Layer Category ..............:     6
! SUMMARY-  Font ........................:     2
! SUMMARY-  Color Table .................:     2
! SUMMARY-  Coordinate System ...........:     2
! SUMMARY-  Parameter ...................:     2
! SUMMARY-  Matrix ......................:    16
! SUMMARY-  View ........................:     8
! SUMMARY-  Layout ......................:     5
! SUMMARY-  Solid .......................:
! SUMMARY-     Face .....................:    63
! SUMMARY-  Trim Curve ..................:    72
! SUMMARY-                                 -----
! SUMMARY-  Total                            986
! STATUS-    
! STATUS-   Converting to Output Form (Phase 2 of 3): 20-JAN-2018 7:11:20 PM
! STATUS-    
! STATUS-   Creating the IGES file (Phase 3 of 3): 20-JAN-2018  7:11:20 PM
! SUMMARY-   
! SUMMARY-  Summary of IGES Output Entities
! SUMMARY-   
! SUMMARY-  Entities Processed             Count
! SUMMARY-  ------------------             -----
! SUMMARY-  Point ........................    16
! SUMMARY-  Arc ..........................   142
! SUMMARY-  Line .........................   158
! SUMMARY-  BSpline Curve ................   251
! SUMMARY-  Composite Curve ..............    70
! SUMMARY-  Curve on Surface .............    43
! SUMMARY-  Plane ........................
! SUMMARY-      Unbounded ................    32
! SUMMARY-  Trimmed Surface ..............    34
! SUMMARY-  BSpline Surface ..............    63
! SUMMARY-  Color ........................     3
! SUMMARY-  Name .........................    96
! SUMMARY-  Transformation ...............    14
! SUMMARY-  Definition Levels ............     5
! SUMMARY-  Level Function ...............     5
! SUMMARY-  View .........................     8
! SUMMARY-                                 -----
! SUMMARY-  Total                            940
! INFO-      
! INFO-     End of Translation: 20-JAN-2018  7:11:20 PM
! INFO-      
